<?xml version="1.0" encoding="UTF-8"?>
<testng-results ignored="0" total="18" passed="16" failed="2" skipped="0">
  <reporter-output>
  </reporter-output>
  <suite started-at="2022-11-21T19:00:55 IST" name="All Test Suite" finished-at="2022-11-21T19:01:19 IST" duration-ms="24179">
    <groups>
    </groups>
    <test started-at="2022-11-21T19:00:55 IST" name="C:/Users/Deepanshu/IdeaProjects/TMDB_BYNDER" finished-at="2022-11-21T19:01:19 IST" duration-ms="24179">
      <class name="com.tmdb.tests.GetTopRatedMovieTests">
        <test-method signature="TC01_verifyOKResponse_WithoutOptional_ValidPayload()[pri:0, instance:com.tmdb.tests.GetTopRatedMovieTests@78c7f9b3]" started-at="2022-11-21T19:00:55 IST" name="TC01_verifyOKResponse_WithoutOptional_ValidPayload" description="Valid payload without optional fields - Should return 200 OK response" finished-at="2022-11-21T19:01:10 IST" duration-ms="15339" status="PASS">
          <reporter-output>
          </reporter-output>
        </test-method> <!-- TC01_verifyOKResponse_WithoutOptional_ValidPayload -->
        <test-method signature="TC02_verifyOKResponse_AllFields_ValidPayload()[pri:0, instance:com.tmdb.tests.GetTopRatedMovieTests@78c7f9b3]" started-at="2022-11-21T19:01:11 IST" name="TC02_verifyOKResponse_AllFields_ValidPayload" description="Valid payload with All fields - Should return 200 OK response" finished-at="2022-11-21T19:01:11 IST" duration-ms="440" status="PASS">
          <reporter-output>
          </reporter-output>
        </test-method> <!-- TC02_verifyOKResponse_AllFields_ValidPayload -->
        <test-method signature="TC03_verifyErrorResponse_WithoutAPIKey_InValidPayload()[pri:0, instance:com.tmdb.tests.GetTopRatedMovieTests@78c7f9b3]" started-at="2022-11-21T19:01:11 IST" name="TC03_verifyErrorResponse_WithoutAPIKey_InValidPayload" description="Invalid payload without APIKey - Should return 401 error response" finished-at="2022-11-21T19:01:12 IST" duration-ms="446" status="PASS">
          <reporter-output>
          </reporter-output>
        </test-method> <!-- TC03_verifyErrorResponse_WithoutAPIKey_InValidPayload -->
        <test-method signature="TC04_verifyErrorResponse_InvalidAPIKey_InValidPayload()[pri:0, instance:com.tmdb.tests.GetTopRatedMovieTests@78c7f9b3]" started-at="2022-11-21T19:01:12 IST" name="TC04_verifyErrorResponse_InvalidAPIKey_InValidPayload" description="Invalid payload with Invalid APIKey - Should return 401 Unauthorised response" finished-at="2022-11-21T19:01:12 IST" duration-ms="417" status="PASS">
          <reporter-output>
          </reporter-output>
        </test-method> <!-- TC04_verifyErrorResponse_InvalidAPIKey_InValidPayload -->
        <test-method signature="TC05_verifyErrorResponse_InvalidResource_InValidPayload()[pri:0, instance:com.tmdb.tests.GetTopRatedMovieTests@78c7f9b3]" started-at="2022-11-21T19:01:12 IST" name="TC05_verifyErrorResponse_InvalidResource_InValidPayload" description="Invalid resource url  - Should return 404 resource not found response" finished-at="2022-11-21T19:01:13 IST" duration-ms="434" status="PASS">
          <reporter-output>
          </reporter-output>
        </test-method> <!-- TC05_verifyErrorResponse_InvalidResource_InValidPayload -->
        <test-method signature="TC06_verifyErrorResponse_InvalidPageNumber_InValidPayload()[pri:0, instance:com.tmdb.tests.GetTopRatedMovieTests@78c7f9b3]" started-at="2022-11-21T19:01:13 IST" name="TC06_verifyErrorResponse_InvalidPageNumber_InValidPayload" description="Invalid payload with invalid page parameter  - Should return 422 error response" finished-at="2022-11-21T19:01:13 IST" duration-ms="403" status="PASS">
          <reporter-output>
          </reporter-output>
        </test-method> <!-- TC06_verifyErrorResponse_InvalidPageNumber_InValidPayload -->
        <test-method signature="TC07_verifyErrorResponse_InvalidLanguage_InValidPayload()[pri:0, instance:com.tmdb.tests.GetTopRatedMovieTests@78c7f9b3]" started-at="2022-11-21T19:01:13 IST" name="TC07_verifyErrorResponse_InvalidLanguage_InValidPayload" description="Invalid payload with invalid Language parameter  - Should return 400 error response" finished-at="2022-11-21T19:01:14 IST" duration-ms="662" status="FAIL">
          <exception class="java.lang.AssertionError">
            <message>
              <![CDATA[1 expectation failed.
Expected status code <400> but was <200>.
]]>
            </message>
            <full-stacktrace>
              <![CDATA[java.lang.AssertionError: 1 expectation failed.
Expected status code <400> but was <200>.

at java.base/jdk.internal.reflect.NativeConstructorAccessorImpl.newInstance0(Native Method)
at java.base/jdk.internal.reflect.NativeConstructorAccessorImpl.newInstance(NativeConstructorAccessorImpl.java:62)
at java.base/jdk.internal.reflect.DelegatingConstructorAccessorImpl.newInstance(DelegatingConstructorAccessorImpl.java:45)
at java.base/java.lang.reflect.Constructor.newInstanceWithCaller(Constructor.java:500)
at java.base/java.lang.reflect.Constructor.newInstance(Constructor.java:481)
at org.codehaus.groovy.reflection.CachedConstructor.invoke(CachedConstructor.java:73)
at org.codehaus.groovy.reflection.CachedConstructor.doConstructorInvoke(CachedConstructor.java:60)
at org.codehaus.groovy.runtime.callsite.ConstructorSite$ConstructorSiteNoUnwrap.callConstructor(ConstructorSite.java:86)
at org.codehaus.groovy.runtime.callsite.CallSiteArray.defaultCallConstructor(CallSiteArray.java:58)
at org.codehaus.groovy.runtime.callsite.AbstractCallSite.callConstructor(AbstractCallSite.java:263)
at org.codehaus.groovy.runtime.callsite.AbstractCallSite.callConstructor(AbstractCallSite.java:277)
at io.restassured.internal.ResponseSpecificationImpl$HamcrestAssertionClosure.validate(ResponseSpecificationImpl.groovy:512)
at io.restassured.internal.ResponseSpecificationImpl$HamcrestAssertionClosure$validate$1.call(Unknown Source)
at io.restassured.internal.ResponseSpecificationImpl.validateResponseIfRequired(ResponseSpecificationImpl.groovy:696)
at io.restassured.internal.ResponseSpecificationImpl.this$2$validateResponseIfRequired(ResponseSpecificationImpl.groovy)
at java.base/jdk.internal.reflect.NativeMethodAccessorImpl.invoke0(Native Method)
at java.base/jdk.internal.reflect.NativeMethodAccessorImpl.invoke(NativeMethodAccessorImpl.java:62)
at java.base/jdk.internal.reflect.DelegatingMethodAccessorImpl.invoke(DelegatingMethodAccessorImpl.java:43)
at java.base/java.lang.reflect.Method.invoke(Method.java:564)
at org.codehaus.groovy.runtime.callsite.PlainObjectMetaMethodSite.doInvoke(PlainObjectMetaMethodSite.java:43)
at org.codehaus.groovy.runtime.callsite.PogoMetaMethodSite$PogoCachedMethodSiteNoUnwrapNoCoerce.invoke(PogoMetaMethodSite.java:198)
at org.codehaus.groovy.runtime.callsite.PogoMetaMethodSite.callCurrent(PogoMetaMethodSite.java:62)
at org.codehaus.groovy.runtime.callsite.AbstractCallSite.callCurrent(AbstractCallSite.java:185)
at io.restassured.internal.ResponseSpecificationImpl.statusCode(ResponseSpecificationImpl.groovy:135)
at io.restassured.specification.ResponseSpecification$statusCode$0.callCurrent(Unknown Source)
at io.restassured.internal.ResponseSpecificationImpl.statusCode(ResponseSpecificationImpl.groovy:143)
at io.restassured.internal.ValidatableResponseOptionsImpl.statusCode(ValidatableResponseOptionsImpl.java:89)
at com.tmdb.payloads.TopRatedPayload.getTopRatedMoviesInvalidLanguage_InValidPayload(TopRatedPayload.java:104)
at com.tmdb.tests.GetTopRatedMovieTests.TC07_verifyErrorResponse_InvalidLanguage_InValidPayload(GetTopRatedMovieTests.java:69)
at java.base/jdk.internal.reflect.NativeMethodAccessorImpl.invoke0(Native Method)
at java.base/jdk.internal.reflect.NativeMethodAccessorImpl.invoke(NativeMethodAccessorImpl.java:62)
at java.base/jdk.internal.reflect.DelegatingMethodAccessorImpl.invoke(DelegatingMethodAccessorImpl.java:43)
at java.base/java.lang.reflect.Method.invoke(Method.java:564)
at org.testng.internal.MethodInvocationHelper.invokeMethod(MethodInvocationHelper.java:133)
at org.testng.internal.TestInvoker.invokeMethod(TestInvoker.java:598)
at org.testng.internal.TestInvoker.invokeTestMethod(TestInvoker.java:173)
at org.testng.internal.MethodRunner.runInSequence(MethodRunner.java:46)
at org.testng.internal.TestInvoker$MethodInvocationAgent.invoke(TestInvoker.java:824)
at org.testng.internal.TestInvoker.invokeTestMethods(TestInvoker.java:146)
at org.testng.internal.TestMethodWorker.invokeTestMethods(TestMethodWorker.java:146)
at org.testng.internal.TestMethodWorker.run(TestMethodWorker.java:128)
at java.base/java.util.ArrayList.forEach(ArrayList.java:1510)
at org.testng.TestRunner.privateRun(TestRunner.java:794)
at org.testng.TestRunner.run(TestRunner.java:596)
at org.testng.SuiteRunner.runTest(SuiteRunner.java:377)
at org.testng.SuiteRunner.runSequentially(SuiteRunner.java:371)
at org.testng.SuiteRunner.privateRun(SuiteRunner.java:332)
at org.testng.SuiteRunner.run(SuiteRunner.java:276)
at org.testng.SuiteRunnerWorker.runSuite(SuiteRunnerWorker.java:53)
at org.testng.SuiteRunnerWorker.run(SuiteRunnerWorker.java:96)
at org.testng.TestNG.runSuitesSequentially(TestNG.java:1212)
at org.testng.TestNG.runSuitesLocally(TestNG.java:1134)
at org.testng.TestNG.runSuites(TestNG.java:1063)
at org.testng.TestNG.run(TestNG.java:1031)
at org.apache.maven.surefire.testng.TestNGExecutor.run(TestNGExecutor.java:284)
at org.apache.maven.surefire.testng.TestNGXmlTestSuite.execute(TestNGXmlTestSuite.java:75)
at org.apache.maven.surefire.testng.TestNGProvider.invoke(TestNGProvider.java:119)
at org.apache.maven.surefire.booter.ForkedBooter.runSuitesInProcess(ForkedBooter.java:428)
at org.apache.maven.surefire.booter.ForkedBooter.execute(ForkedBooter.java:162)
at org.apache.maven.surefire.booter.ForkedBooter.run(ForkedBooter.java:562)
at org.apache.maven.surefire.booter.ForkedBooter.main(ForkedBooter.java:548)
]]>
            </full-stacktrace>
          </exception> <!-- java.lang.AssertionError -->
          <reporter-output>
          </reporter-output>
        </test-method> <!-- TC07_verifyErrorResponse_InvalidLanguage_InValidPayload -->
        <test-method signature="TC08_verifyErrorResponse_InvalidRegion_InValidPayload()[pri:0, instance:com.tmdb.tests.GetTopRatedMovieTests@78c7f9b3]" started-at="2022-11-21T19:01:14 IST" name="TC08_verifyErrorResponse_InvalidRegion_InValidPayload" description="Invalid payload with invalid Region parameter  - Should return 400 error response" finished-at="2022-11-21T19:01:14 IST" duration-ms="240" status="FAIL">
          <exception class="java.lang.AssertionError">
            <message>
              <![CDATA[1 expectation failed.
Expected status code <400> but was <200>.
]]>
            </message>
            <full-stacktrace>
              <![CDATA[java.lang.AssertionError: 1 expectation failed.
Expected status code <400> but was <200>.

at java.base/jdk.internal.reflect.NativeConstructorAccessorImpl.newInstance0(Native Method)
at java.base/jdk.internal.reflect.NativeConstructorAccessorImpl.newInstance(NativeConstructorAccessorImpl.java:62)
at java.base/jdk.internal.reflect.DelegatingConstructorAccessorImpl.newInstance(DelegatingConstructorAccessorImpl.java:45)
at java.base/java.lang.reflect.Constructor.newInstanceWithCaller(Constructor.java:500)
at java.base/java.lang.reflect.Constructor.newInstance(Constructor.java:481)
at org.codehaus.groovy.reflection.CachedConstructor.invoke(CachedConstructor.java:73)
at org.codehaus.groovy.reflection.CachedConstructor.doConstructorInvoke(CachedConstructor.java:60)
at org.codehaus.groovy.runtime.callsite.ConstructorSite$ConstructorSiteNoUnwrap.callConstructor(ConstructorSite.java:86)
at org.codehaus.groovy.runtime.callsite.AbstractCallSite.callConstructor(AbstractCallSite.java:277)
at io.restassured.internal.ResponseSpecificationImpl$HamcrestAssertionClosure.validate(ResponseSpecificationImpl.groovy:512)
at io.restassured.internal.ResponseSpecificationImpl$HamcrestAssertionClosure$validate$1.call(Unknown Source)
at io.restassured.internal.ResponseSpecificationImpl.validateResponseIfRequired(ResponseSpecificationImpl.groovy:696)
at io.restassured.internal.ResponseSpecificationImpl.this$2$validateResponseIfRequired(ResponseSpecificationImpl.groovy)
at java.base/jdk.internal.reflect.NativeMethodAccessorImpl.invoke0(Native Method)
at java.base/jdk.internal.reflect.NativeMethodAccessorImpl.invoke(NativeMethodAccessorImpl.java:62)
at java.base/jdk.internal.reflect.DelegatingMethodAccessorImpl.invoke(DelegatingMethodAccessorImpl.java:43)
at java.base/java.lang.reflect.Method.invoke(Method.java:564)
at org.codehaus.groovy.runtime.callsite.PlainObjectMetaMethodSite.doInvoke(PlainObjectMetaMethodSite.java:43)
at org.codehaus.groovy.runtime.callsite.PogoMetaMethodSite$PogoCachedMethodSiteNoUnwrapNoCoerce.invoke(PogoMetaMethodSite.java:198)
at org.codehaus.groovy.runtime.callsite.PogoMetaMethodSite.callCurrent(PogoMetaMethodSite.java:62)
at org.codehaus.groovy.runtime.callsite.AbstractCallSite.callCurrent(AbstractCallSite.java:185)
at io.restassured.internal.ResponseSpecificationImpl.statusCode(ResponseSpecificationImpl.groovy:135)
at io.restassured.specification.ResponseSpecification$statusCode$0.callCurrent(Unknown Source)
at io.restassured.internal.ResponseSpecificationImpl.statusCode(ResponseSpecificationImpl.groovy:143)
at io.restassured.internal.ValidatableResponseOptionsImpl.statusCode(ValidatableResponseOptionsImpl.java:89)
at com.tmdb.payloads.TopRatedPayload.getTopRatedMoviesInvalidRegion_InValidPayload(TopRatedPayload.java:118)
at com.tmdb.tests.GetTopRatedMovieTests.TC08_verifyErrorResponse_InvalidRegion_InValidPayload(GetTopRatedMovieTests.java:75)
at java.base/jdk.internal.reflect.NativeMethodAccessorImpl.invoke0(Native Method)
at java.base/jdk.internal.reflect.NativeMethodAccessorImpl.invoke(NativeMethodAccessorImpl.java:62)
at java.base/jdk.internal.reflect.DelegatingMethodAccessorImpl.invoke(DelegatingMethodAccessorImpl.java:43)
at java.base/java.lang.reflect.Method.invoke(Method.java:564)
at org.testng.internal.MethodInvocationHelper.invokeMethod(MethodInvocationHelper.java:133)
at org.testng.internal.TestInvoker.invokeMethod(TestInvoker.java:598)
at org.testng.internal.TestInvoker.invokeTestMethod(TestInvoker.java:173)
at org.testng.internal.MethodRunner.runInSequence(MethodRunner.java:46)
at org.testng.internal.TestInvoker$MethodInvocationAgent.invoke(TestInvoker.java:824)
at org.testng.internal.TestInvoker.invokeTestMethods(TestInvoker.java:146)
at org.testng.internal.TestMethodWorker.invokeTestMethods(TestMethodWorker.java:146)
at org.testng.internal.TestMethodWorker.run(TestMethodWorker.java:128)
at java.base/java.util.ArrayList.forEach(ArrayList.java:1510)
at org.testng.TestRunner.privateRun(TestRunner.java:794)
at org.testng.TestRunner.run(TestRunner.java:596)
at org.testng.SuiteRunner.runTest(SuiteRunner.java:377)
at org.testng.SuiteRunner.runSequentially(SuiteRunner.java:371)
at org.testng.SuiteRunner.privateRun(SuiteRunner.java:332)
at org.testng.SuiteRunner.run(SuiteRunner.java:276)
at org.testng.SuiteRunnerWorker.runSuite(SuiteRunnerWorker.java:53)
at org.testng.SuiteRunnerWorker.run(SuiteRunnerWorker.java:96)
at org.testng.TestNG.runSuitesSequentially(TestNG.java:1212)
at org.testng.TestNG.runSuitesLocally(TestNG.java:1134)
at org.testng.TestNG.runSuites(TestNG.java:1063)
at org.testng.TestNG.run(TestNG.java:1031)
at org.apache.maven.surefire.testng.TestNGExecutor.run(TestNGExecutor.java:284)
at org.apache.maven.surefire.testng.TestNGXmlTestSuite.execute(TestNGXmlTestSuite.java:75)
at org.apache.maven.surefire.testng.TestNGProvider.invoke(TestNGProvider.java:119)
at org.apache.maven.surefire.booter.ForkedBooter.runSuitesInProcess(ForkedBooter.java:428)
at org.apache.maven.surefire.booter.ForkedBooter.execute(ForkedBooter.java:162)
at org.apache.maven.surefire.booter.ForkedBooter.run(ForkedBooter.java:562)
at org.apache.maven.surefire.booter.ForkedBooter.main(ForkedBooter.java:548)
]]>
            </full-stacktrace>
          </exception> <!-- java.lang.AssertionError -->
          <reporter-output>
          </reporter-output>
        </test-method> <!-- TC08_verifyErrorResponse_InvalidRegion_InValidPayload -->
      </class> <!-- com.tmdb.tests.GetTopRatedMovieTests -->
      <class name="com.tmdb.tests.PostRateMovieTests">
        <test-method signature="TC01_verifyOKResponse_ForAllFields_ValidPayload()[pri:0, instance:com.tmdb.tests.PostRateMovieTests@4a183d02]" started-at="2022-11-21T19:01:14 IST" name="TC01_verifyOKResponse_ForAllFields_ValidPayload" description="TC01 Valid payload  - Should return 200 OK response" finished-at="2022-11-21T19:01:16 IST" duration-ms="1616" status="PASS">
          <reporter-output>
          </reporter-output>
        </test-method> <!-- TC01_verifyOKResponse_ForAllFields_ValidPayload -->
        <test-method signature="TC02_verifyErrorResponse_ForWithoutAPIKey_InValidPayload()[pri:0, instance:com.tmdb.tests.PostRateMovieTests@4a183d02]" started-at="2022-11-21T19:01:16 IST" name="TC02_verifyErrorResponse_ForWithoutAPIKey_InValidPayload" description="TC02 Invalid payload without apikey  - Should return 401 Unauthorised response" finished-at="2022-11-21T19:01:16 IST" duration-ms="522" status="PASS">
          <reporter-output>
          </reporter-output>
        </test-method> <!-- TC02_verifyErrorResponse_ForWithoutAPIKey_InValidPayload -->
        <test-method signature="TC03_verifyErrorResponse_ForWithoutSessionID_InValidPayload()[pri:0, instance:com.tmdb.tests.PostRateMovieTests@4a183d02]" started-at="2022-11-21T19:01:16 IST" name="TC03_verifyErrorResponse_ForWithoutSessionID_InValidPayload" description="TC03 Invalid payload without sessionID  - Should return 401 Unauthorised response" finished-at="2022-11-21T19:01:17 IST" duration-ms="524" status="PASS">
          <reporter-output>
          </reporter-output>
        </test-method> <!-- TC03_verifyErrorResponse_ForWithoutSessionID_InValidPayload -->
        <test-method signature="TC04_verifyErrorResponse_ForInvalidMovieID_InValidPayload()[pri:0, instance:com.tmdb.tests.PostRateMovieTests@4a183d02]" started-at="2022-11-21T19:01:17 IST" name="TC04_verifyErrorResponse_ForInvalidMovieID_InValidPayload" description="TC04 Invalid payload with invalid movieID  - Should return 404 Resource not found response" finished-at="2022-11-21T19:01:17 IST" duration-ms="319" status="PASS">
          <reporter-output>
          </reporter-output>
        </test-method> <!-- TC04_verifyErrorResponse_ForInvalidMovieID_InValidPayload -->
        <test-method signature="TC05_verifyErrorResponse_ForInvalidSessionID_InValidPayload()[pri:0, instance:com.tmdb.tests.PostRateMovieTests@4a183d02]" started-at="2022-11-21T19:01:17 IST" name="TC05_verifyErrorResponse_ForInvalidSessionID_InValidPayload" description="TC05 Invalid payload with invalid sessionID  - Should return 401 Unauthorised response" finished-at="2022-11-21T19:01:17 IST" duration-ms="287" status="PASS">
          <reporter-output>
          </reporter-output>
        </test-method> <!-- TC05_verifyErrorResponse_ForInvalidSessionID_InValidPayload -->
        <test-method signature="TC06_verifyErrorResponse_ForInvalidApiKey_InValidPayload()[pri:0, instance:com.tmdb.tests.PostRateMovieTests@4a183d02]" started-at="2022-11-21T19:01:17 IST" name="TC06_verifyErrorResponse_ForInvalidApiKey_InValidPayload" description="TC06 Invalid payload with invalid APIKey  - Should return 401 Unauthorised response" finished-at="2022-11-21T19:01:18 IST" duration-ms="266" status="PASS">
          <reporter-output>
          </reporter-output>
        </test-method> <!-- TC06_verifyErrorResponse_ForInvalidApiKey_InValidPayload -->
        <test-method signature="TC07_verifyErrorResponse_ForValue_GreaterThan10_ValidPayload()[pri:0, instance:com.tmdb.tests.PostRateMovieTests@4a183d02]" started-at="2022-11-21T19:01:18 IST" name="TC07_verifyErrorResponse_ForValue_GreaterThan10_ValidPayload" description="TC07 Invalid payload with value &gt; 10  - Should return 400 bad request response" finished-at="2022-11-21T19:01:18 IST" duration-ms="268" status="PASS">
          <reporter-output>
          </reporter-output>
        </test-method> <!-- TC07_verifyErrorResponse_ForValue_GreaterThan10_ValidPayload -->
        <test-method signature="TC08_verifyErrorResponse_ForValue_EqualTo0_ValidPayload()[pri:0, instance:com.tmdb.tests.PostRateMovieTests@4a183d02]" started-at="2022-11-21T19:01:18 IST" name="TC08_verifyErrorResponse_ForValue_EqualTo0_ValidPayload" description="TC08 Invalid payload with value = 10  - Should return 400 bad request response" finished-at="2022-11-21T19:01:18 IST" duration-ms="320" status="PASS">
          <reporter-output>
          </reporter-output>
        </test-method> <!-- TC08_verifyErrorResponse_ForValue_EqualTo0_ValidPayload -->
        <test-method signature="TC09_verifyErrorResponse_ForValue_LessThan0_ValidPayload()[pri:0, instance:com.tmdb.tests.PostRateMovieTests@4a183d02]" started-at="2022-11-21T19:01:18 IST" name="TC09_verifyErrorResponse_ForValue_LessThan0_ValidPayload" description="TC09 Invalid payload with value &lt; 0  - Should return 400 bad request response" finished-at="2022-11-21T19:01:18 IST" duration-ms="290" status="PASS">
          <reporter-output>
          </reporter-output>
        </test-method> <!-- TC09_verifyErrorResponse_ForValue_LessThan0_ValidPayload -->
        <test-method signature="TC10_verifyErrorResponse_ForValue_DecimalValue_ValidPayload()[pri:0, instance:com.tmdb.tests.PostRateMovieTests@4a183d02]" started-at="2022-11-21T19:01:18 IST" name="TC10_verifyErrorResponse_ForValue_DecimalValue_ValidPayload" description="TC10 Invalid payload with value = 0.1  - Should return 400 bad request response" finished-at="2022-11-21T19:01:19 IST" duration-ms="276" status="PASS">
          <reporter-output>
          </reporter-output>
        </test-method> <!-- TC10_verifyErrorResponse_ForValue_DecimalValue_ValidPayload -->
      </class> <!-- com.tmdb.tests.PostRateMovieTests -->
    </test> <!-- C:/Users/Deepanshu/IdeaProjects/TMDB_BYNDER -->
  </suite> <!-- All Test Suite -->
</testng-results>
