-------------------------------------------------------------------------------
Test set: TestSuite
-------------------------------------------------------------------------------
Tests run: 18, Failures: 2, Errors: 0, Skipped: 0, Time elapsed: 31.981 s <<< FAILURE! - in TestSuite
com.tmdb.tests.GetTopRatedMovieTests.TC07_verifyErrorResponse_InvalidLanguage_InValidPayload  Time elapsed: 1.268 s  <<< FAILURE!
java.lang.AssertionError: 
1 expectation failed.
Expected status code <400> but was <200>.

	at com.tmdb.tests.GetTopRatedMovieTests.TC07_verifyErrorResponse_InvalidLanguage_InValidPayload(GetTopRatedMovieTests.java:69)

com.tmdb.tests.GetTopRatedMovieTests.TC08_verifyErrorResponse_InvalidRegion_InValidPayload  Time elapsed: 0.073 s  <<< FAILURE!
java.lang.AssertionError: 
1 expectation failed.
Expected status code <400> but was <200>.

	at com.tmdb.tests.GetTopRatedMovieTests.TC08_verifyErrorResponse_InvalidRegion_InValidPayload(GetTopRatedMovieTests.java:75)

